0 info it worked if it ends with ok
1 verbose cli [ 'C:\\Program Files (x86)\\Nodist\\v-x64\\6.3.0\\node.exe',
1 verbose cli   'C:\\Program Files (x86)\\Nodist\\npmv\\3.9.6\\bin\\npm-cli.js',
1 verbose cli   'run',
1 verbose cli   'gulp' ]
2 info using npm@3.9.6
3 info using node@v6.3.0
4 verbose run-script [ 'pregulp', 'gulp', 'postgulp' ]
5 info lifecycle static-site-boilerplate@0.0.1~pregulp: static-site-boilerplate@0.0.1
6 silly lifecycle static-site-boilerplate@0.0.1~pregulp: no script for pregulp, continuing
7 info lifecycle static-site-boilerplate@0.0.1~gulp: static-site-boilerplate@0.0.1
8 verbose lifecycle static-site-boilerplate@0.0.1~gulp: unsafe-perm in lifecycle true
9 verbose lifecycle static-site-boilerplate@0.0.1~gulp: PATH: C:\Program Files (x86)\Nodist\npmv\3.9.6\bin\node-gyp-bin;C:\Users\tabuchi\Documents\study\static-site-boilerplate\node_modules\.bin;C:\Program Files (x86)\Nodist\v-x64\6.3.0;C:\Users\tabuchi\bin;C:\Program Files\Git\mingw64\bin;C:\Program Files\Git\usr\local\bin;C:\Program Files\Git\usr\bin;C:\Program Files\Git\usr\bin;C:\Program Files\Git\mingw64\bin;C:\Program Files\Git\usr\bin;C:\Program Files (x86)\Intel\iCLS Client;C:\Program Files\Intel\iCLS Client;C:\WINDOWS\system32;C:\WINDOWS;C:\WINDOWS\System32\Wbem;C:\WINDOWS\System32\WindowsPowerShell\v1.0;C:\Program Files\Intel\Intel(R) Management Engine Components\DAL;C:\Program Files\Intel\Intel(R) Management Engine Components\IPT;C:\Program Files (x86)\Intel\Intel(R) Management Engine Components\DAL;C:\Program Files (x86)\Intel\Intel(R) Management Engine Components\IPT;C:\Program Files (x86)\Intel\OpenCL SDK\2.0\bin\x86;C:\Program Files (x86)\Intel\OpenCL SDK\2.0\bin\x64;C:\Program Files\Git\cmd;C:\Program Files (x86)\Skype\Phone;C:\Program Files (x86)\Nodist\bin;C:\ProgramData\chocolatey\bin;C:\HashiCorp\Vagrant\bin;C:\Ruby22\bin;C:\Program Files\Sublime Text 3\tidy2;C:\Program Files\nodejs\node_modules\npm\bin;C:\Users\tabuchi\Google ドライブ\study\環境構築\win\environment\node_modules\typescript\bin;C:\cygwin64\bin;C:\Users\tabuchi\AppData\Local\atom\bin;%USERPROFILE%\AppData\Local\Microsoft\WindowsApps;C:\Program Files\Git\usr\bin\vendor_perl;C:\Program Files\Git\usr\bin\core_perl
10 verbose lifecycle static-site-boilerplate@0.0.1~gulp: CWD: C:\Users\tabuchi\Documents\study\static-site-boilerplate
11 silly lifecycle static-site-boilerplate@0.0.1~gulp: Args: [ '/d /s /c', 'gulp' ]
12 silly lifecycle static-site-boilerplate@0.0.1~gulp: Returned: code: 1  signal: null
13 info lifecycle static-site-boilerplate@0.0.1~gulp: Failed to exec gulp script
14 verbose stack Error: static-site-boilerplate@0.0.1 gulp: `gulp`
14 verbose stack Exit status 1
14 verbose stack     at EventEmitter.<anonymous> (C:\Program Files (x86)\Nodist\npmv\3.9.6\lib\utils\lifecycle.js:245:16)
14 verbose stack     at emitTwo (events.js:106:13)
14 verbose stack     at EventEmitter.emit (events.js:191:7)
14 verbose stack     at ChildProcess.<anonymous> (C:\Program Files (x86)\Nodist\npmv\3.9.6\lib\utils\spawn.js:24:14)
14 verbose stack     at emitTwo (events.js:106:13)
14 verbose stack     at ChildProcess.emit (events.js:191:7)
14 verbose stack     at maybeClose (internal/child_process.js:852:16)
14 verbose stack     at Process.ChildProcess._handle.onexit (internal/child_process.js:215:5)
15 verbose pkgid static-site-boilerplate@0.0.1
16 verbose cwd C:\Users\tabuchi\Documents\study\static-site-boilerplate
17 error Windows_NT 10.0.14393
18 error argv "C:\\Program Files (x86)\\Nodist\\v-x64\\6.3.0\\node.exe" "C:\\Program Files (x86)\\Nodist\\npmv\\3.9.6\\bin\\npm-cli.js" "run" "gulp"
19 error node v6.3.0
20 error npm  v3.9.6
21 error code ELIFECYCLE
22 error static-site-boilerplate@0.0.1 gulp: `gulp`
22 error Exit status 1
23 error Failed at the static-site-boilerplate@0.0.1 gulp script 'gulp'.
23 error Make sure you have the latest version of node.js and npm installed.
23 error If you do, this is most likely a problem with the static-site-boilerplate package,
23 error not with npm itself.
23 error Tell the author that this fails on your system:
23 error     gulp
23 error You can get information on how to open an issue for this project with:
23 error     npm bugs static-site-boilerplate
23 error Or if that isn't available, you can get their info via:
23 error     npm owner ls static-site-boilerplate
23 error There is likely additional logging output above.
24 verbose exit [ 1, true ]
